info: Server Started at 02:10:57
http: GET in /login - 02:11:02
http: POST in /login - 02:11:08
http: GET in /failLogin - 02:11:08
http: GET in /login - 02:11:10
http: POST in /login - 02:11:12
http: GET in / - 02:11:12
http: GET in /logout - 02:11:59
http: GET in /login - 02:11:59
info: Server Started at 02:18:01
http: POST in /login - 02:18:03
http: GET in /failLogin - 02:18:03
http: GET in /login - 02:18:35
http: POST in /login - 02:18:38
http: GET in /failLogin - 02:18:38
info: Server Started at 02:18:57
http: GET in /login - 02:18:57
http: POST in /login - 02:18:59
http: GET in /failLogin - 02:18:59
info: Server Started at 02:19:07
http: GET in /login - 02:19:08
http: POST in /login - 02:19:10
http: GET in /failLogin - 02:19:10
warning: Login Failed
info: Server Started at 02:19:34
info: Server Started at 02:21:08
info: Server Started at 02:23:24
info: Server Started at 02:25:20
info: Server Started at 02:27:00
info: Server Started at 03:04:06
info: Server Started at 03:05:13
info: Server Started at 03:06:12
{"level":"info","message":"Server Started at 03:14:04"}
info: Server Started at 03:19:39
{"level":"info","message":"Server Started at 03:23:07"}
{"level":"info","message":"Server Started at 03:24:04"}
info: Server Started at 03:27:16
{"level":"info","message":"Server Started at 03:27:23"}
{"level":"info","message":"Server Started at 03:27:39"}
{"level":"info","message":"Server Started at 03:27:44"}
info: Server Started at 03:28:02
http: GET in / - 03:28:06
http: GET in /login - 03:28:08
http: POST in /login - 03:28:12
http: GET in / - 03:28:12
{"level":"info","message":"Server Started at 03:28:58"}
info: Server Started at 03:40:30
http: GET in /loggertesrt - 03:40:41
http: GET in /loggertest - 03:40:44
fatal: Logger test fatal message
info: Server Started at 03:52:42
http: GET in /loggertest - 03:52:51
fatal: Logger test fatal message
error: Logger test error message
warning: Logger test warning message
info: Logger test info message
http: Logger test http message
debug: Logger test debug message
http: GET in /loggertest - 03:53:21
fatal: Logger test fatal message
error: Logger test error message
warning: Logger test warning message
info: Logger test info message
http: Logger test http message
debug: Logger test debug message
info: Server Started at 03:53:29
http: GET in /loggertest - 03:53:35
fatal: Logger test fatal message
error: Logger test error message
warning: Logger test warning message
info: Logger test info message
http: Logger test http message
debug: Logger test debug message
http: GET in /loggertest - 03:54:48
fatal: Logger test fatal message
error: Logger test error message
warning: Logger test warning message
info: Logger test info message
http: Logger test http message
debug: Logger test debug message
info: Server Started at 03:54:53
http: GET in /loggertest - 03:54:54
fatal: Logger test fatal message
error: Logger test error message
warning: Logger test warning message
info: Logger test info message
http: Logger test http message
debug: Logger test debug message
http: GET in /loggertest - 03:54:54
fatal: Logger test fatal message
error: Logger test error message
warning: Logger test warning message
info: Logger test info message
http: Logger test http message
debug: Logger test debug message
